day24
<th>AAL</th>
<th>AAPL</th>
<th>ABT</th>
<th>ACN</th>
<th>ADBE</th>
<th>ADI</th>
<th>ADP</th>
<th>ADSK</th>
<th>AIG</th>
<th>AKAM</th>
<th>ALL</th>
<th>ALXN</th>
<th>AMGN</th>
<th>AMZN</th>
<th>ATVI</th>
<th>AXP</th>
<th>BAC</th>
<th>BA</th>
<th>BBBY</th>
<th>BIDU</th>
<th>BIIB</th>
<th>BKNG</th>
<th>BK</th>
<th>BLK</th>
<th>BMRN</th>
<th>BMY</th>
<th>BRK-B</th>
<th>CERN</th>
<th>CHKP</th>
<th>CL</th>
<th>CMCSA</th>
<th>COF</th>
<th>COP</th>
<th>COST</th>
<th>CSCO</th>
<th>CSX</th>
<th>CTSH</th>
<th>CTXS</th>
<th>CVS</th>
<th>CVX</th>
<th>C</th>
<th>DHR</th>
<th>DISCA</th>
<th>DISH</th>
<th>DIS</th>
<th>DLTR</th>
<th>DUK</th>
<th>EA</th>
<th>EBAY</th>
<th>EMR</th>
<th>EXC</th>
<th>EXPE</th>
<th>FAST</th>
<th>FDX</th>
<th>FISV</th>
<th>F</th>
<th>GE</th>
<th>GILD</th>
<th>GOOGL</th>
<th>GS</th>
<th>HD</th>
<th>HON</th>
<th>HSIC</th>
<th>IBM</th>
<th>ILMN</th>
<th>INCY</th>
<th>INTC</th>
<th>INTU</th>
<th>ISRG</th>
<th>JNJ</th>
<th>JPM</th>
<th>KO</th>
<th>LBTYA</th>
<th>LLY</th>
<th>LOW</th>
<th>LRCX</th>
<th>MAR</th>
<th>MAT</th>
<th>MCD</th>
<th>MCHP</th>
<th>MDLZ</th>
<th>MDT</th>
<th>MET</th>
<th>MMM</th>
<th>MNST</th>
<th>MO</th>
<th>MRK</th>
<th>MSFT</th>
<th>MU</th>
<th>MXIM</th>
<th>MYL</th>
<th>NEE</th>
<th>NFLX</th>
<th>NKE</th>
<th>NTAP</th>
<th>NTES</th>
<th>NVDA</th>
<th>ORCL</th>
<th>ORLY</th>
<th>OXY</th>
<th>PAYX</th>
<th>PCAR</th>
<th>PFE</th>
<th>PG</th>
<th>QCOM</th>
<th>REGN</th>
<th>ROST</th>
<th>SBUX</th>
<th>SIRI</th>
<th>SLB</th>
<th>SO</th>
<th>SPG</th>
<th>SRCL</th>
<th>STX</th>
<th>SWKS</th>
<th>TGT</th>
<th>TRV</th>
<th>TSCO</th>
<th>T</th>
<th>UNH</th>
<th>UNP</th>
<th>UPS</th>
<th>USB</th>
<th>VOD</th>
<th>VRTX</th>
<th>VZ</th>
<th>WBA</th>
<th>WDC</th>
<th>WFC</th>
<th>WMT</th>
<th>XLNX</th>
<th>XOM</th>
<th>XRAY</th>
