AAL: [18.19, 19.33, 19.05, 19.81, 20.27, 20.89, 20.93, 21.29, 20.88, 20.94, 20.72, 20.51, 20.47, 20.99, 20.82, 20.26, 20.16, 19.82, 20.70, 21.03, 20.74, 21.04, 21.27, 22.53, 23.27, 23.59, 25.97, 26.27, 27.15, 27.27]
AAPL: [1.65, 1.58, 1.62, 1.65, 1.68, 1.66, 1.63, 1.60, 1.58, 1.55, 1.59, 1.52, 1.66, 1.67, 1.65, 1.61, 1.70, 1.73, 1.72, 1.75, 1.73, 1.76, 1.71, 1.68, 1.78, 1.77, 1.85, 1.91, 1.89, 1.86]
ABT: [11.10, 10.90, 10.94, 11.02, 11.04, 11.43, 11.24, 11.18, 11.09, 10.96, 11.02, 11.09, 11.21, 11.23, 11.21, 11.17, 11.57, 11.39, 11.26, 11.30, 11.40, 11.33, 11.18, 11.26, 11.34, 11.27, 11.23, 11.27, 11.21, 11.21]
ACN: [18.65, 18.60, 18.61, 18.91, 18.96, 18.84, 18.53, 18.75, 19.81, 19.04, 18.76, 18.63, 18.79, 19.18, 19.18, 19.37, 19.79, 19.76, 19.62, 19.91, 19.49, 19.65, 19.64, 19.67, 19.78, 19.90, 19.79, 19.64, 19.83, 19.85]
ADBE: [28.40, 29.02, 29.76, 29.85, 30.60, 29.94, 29.28, 28.94, 29.15, 29.09, 28.59, 28.29, 28.30, 29.94, 30.39, 30.36, 30.96, 30.48, 31.21, 32.35, 31.99, 32.88, 31.79, 32.31, 32.25, 32.80, 32.87, 32.68, 32.45, 32.49]
ADI: [24.31, 24.45, 24.81, 25.29, 25.44, 25.03, 24.18, 23.44, 23.47, 22.48, 22.11, 22.44, 22.47, 22.73, 22.47, 22.47, 22.60, 24.02, 24.01, 23.79, 23.55, 23.51, 23.02, 23.56, 23.68, 23.49, 24.12, 24.60, 24.65, 24.94]
ADP: [22.99, 23.49, 23.40, 23.44, 23.43, 23.49, 23.44, 23.51, 23.50, 23.43, 23.25, 23.12, 23.30, 23.48, 23.09, 23.24, 23.52, 23.34, 23.25, 23.74, 23.72, 25.05, 25.41, 25.51, 25.41, 25.20, 25.38, 25.32, 25.37, 25.39]
ADSK: [43.37, 43.81, 44.84, 46.44, 46.74, 46.47, 44.81, 43.53, 43.77, 43.63, 43.44, 42.98, 42.21, 43.06, 43.17, 42.10, 43.50, 43.60, 45.59, 46.40, 46.25, 46.39, 44.09, 43.95, 45.12, 45.77, 47.60, 45.96, 46.16, 46.48]
AIG: [861.15, 863.84, 882.41, 878.15, 872.20, 866.82, 866.11, 873.76, 876.88, 876.60, 874.61, 871.92, 882.55, 884.96, 894.31, 890.20, 899.70, 890.06, 891.76, 903.10, 903.52, 899.98, 894.74, 911.32, 918.41, 922.37, 938.53, 934.28, 935.27, 940.23]
AKAM: [14.30, 14.63, 15.16, 15.95, 16.67, 16.49, 16.02, 16.00, 16.05, 16.07, 15.92, 15.52, 15.89, 16.10, 16.95, 16.60, 17.10, 17.36, 17.25, 17.30, 16.97, 16.89, 16.63, 16.84, 17.34, 16.70, 16.45, 16.59, 16.69, 16.69]
ALL: [37.82, 38.20, 38.66, 38.34, 38.05, 37.88, 37.37, 37.32, 37.51, 37.34, 37.29, 37.09, 37.32, 37.54, 37.52, 37.01, 37.72, 36.76, 36.89, 36.57, 35.99, 36.23, 36.10, 36.53, 36.60, 37.19, 38.23, 38.23, 38.24, 38.63]
ALXN: [6.75, 6.75, 6.85, 6.91, 7.01, 7.02, 6.74, 6.64, 6.61, 6.62, 6.21, 6.18, 6.25, 6.51, 6.50, 6.53, 6.68, 6.49, 6.59, 6.72, 6.81, 6.74, 6.70, 6.73, 6.85, 6.75, 6.92, 6.86, 6.94, 7.04]
AMGN: [64.19, 64.07, 64.02, 63.94, 63.90, 64.29, 62.61, 60.97, 61.82, 61.56, 61.27, 60.01, 60.85, 60.80, 60.52, 60.89, 62.68, 59.47, 58.89, 60.45, 60.99, 60.36, 59.03, 60.82, 60.69, 60.43, 59.31, 62.21, 63.56, 64.12]
AMZN: [43.16, 43.37, 44.79, 45.30, 46.01, 44.93, 44.49, 44.01, 43.72, 43.76, 43.40, 42.55, 42.62, 43.79, 45.02, 44.65, 45.86, 45.01, 45.95, 46.93, 46.17, 39.75, 39.06, 38.95, 39.86, 40.37, 40.75, 41.56, 41.09, 41.39]
ATVI: [6.72, 6.64, 6.86, 6.87, 6.95, 6.80, 6.64, 6.66, 6.57, 6.48, 6.46, 6.41, 6.61, 6.91, 6.88, 6.97, 7.13, 6.95, 7.12, 7.29, 7.24, 6.96, 6.83, 6.96, 7.07, 7.25, 7.53, 7.79, 7.81, 7.80]
AXP: [39.01, 38.95, 39.56, 39.51, 39.89, 39.24, 39.45, 39.45, 39.25, 38.64, 38.74, 37.98, 38.01, 37.78, 37.91, 37.73, 38.58, 37.31, 37.15, 39.03, 39.17, 39.50, 38.52, 39.03, 39.21, 38.72, 39.37, 39.18, 38.92, 39.23]
BAC: [30.67, 30.43, 30.80, 30.80, 30.76, 30.66, 30.69, 30.89, 30.92, 30.79, 30.64, 30.64, 30.72, 30.76, 30.76, 30.41, 31.05, 30.87, 30.91, 31.73, 31.59, 31.60, 31.59, 32.17, 32.00, 31.91, 32.25, 32.19, 32.35, 32.52]
BA: [46.81, 47.27, 47.32, 47.79, 47.23, 47.79, 47.16, 47.78, 47.34, 47.76, 46.92, 47.58, 46.77, 47.48, 47.30, 47.21, 48.09, 47.34, 46.44, 47.35, 47.11, 45.79, 45.05, 46.17, 45.47, 45.76, 45.51, 46.07, 45.92, 46.21]
BBBY: [35.08, 34.24, 34.79, 34.85, 34.94, 34.91, 33.91, 33.28, 33.50, 33.34, 33.13, 32.34, 32.24, 32.79, 32.76, 32.10, 33.45, 33.39, 33.80, 34.63, 34.60, 33.98, 33.13, 34.28, 35.22, 35.35, 36.07, 35.96, 36.38, 36.83]
BIDU: [7.25, 6.57, 6.50, 6.40, 6.61, 7.04, 6.83, 6.83, 6.72, 6.55, 6.53, 6.36, 6.22, 6.73, 6.66, 6.74, 6.58, 6.60, 7.00, 8.10, 7.98, 8.10, 7.03, 6.81, 6.94, 6.87, 6.85, 6.82, 6.83, 7.26]
BIIB: [38.05, 38.15, 38.60, 39.48, 39.92, 40.26, 38.86, 37.24, 37.71, 37.52, 36.57, 35.94, 37.06, 38.02, 38.63, 38.65, 39.27, 39.01, 39.09, 39.65, 40.42, 40.01, 38.35, 38.49, 40.63, 40.29, 41.16, 41.39, 41.98, 41.84]
BKNG: [18.87, 18.68, 19.04, 19.32, 19.60, 19.52, 19.47, 19.31, 19.32, 19.15, 19.13, 18.77, 18.74, 18.82, 18.87, 18.58, 19.85, 19.77, 20.32, 20.25, 19.76, 18.84, 18.56, 18.63, 18.97, 19.54, 19.50, 24.60, 24.48, 24.51]
BK: [22.95, 22.37, 22.68, 22.78, 22.67, 22.47, 22.46, 22.60, 22.50, 22.35, 22.40, 22.33, 22.62, 23.05, 22.92, 22.85, 23.04, 23.07, 23.27, 23.78, 23.71, 23.89, 23.67, 24.12, 24.39, 24.28, 24.56, 24.26, 24.36, 24.65]
BLK: [59.40, 60.05, 61.37, 61.62, 61.97, 62.30, 61.51, 60.97, 61.33, 60.72, 59.98, 58.75, 58.04, 58.97, 58.97, 58.20, 63.70, 62.48, 62.51, 63.00, 64.31, 64.67, 64.96, 64.82, 65.92, 65.61, 66.27, 66.26, 67.12, 67.28]
BMRN: [8.79, 8.41, 8.68, 8.73, 8.41, 8.34, 8.07, 7.62, 7.70, 7.65, 7.12, 7.10, 7.40, 7.60, 7.52, 7.66, 7.88, 7.87, 7.87, 8.19, 8.35, 8.20, 8.12, 8.19, 8.40, 8.14, 9.10, 9.37, 8.94, 9.06]
BMY: [13.63, 13.59, 13.57, 13.58, 13.52, 13.47, 13.23, 13.24, 13.14, 13.02, 12.89, 12.86, 12.82, 12.74, 12.84, 12.69, 12.59, 12.38, 12.25, 12.36, 12.37, 12.40, 12.38, 12.07, 12.09, 12.01, 12.01, 12.10, 12.18, 12.17]
BRK-B: [54.88, 54.52, 54.14, 54.62, 54.72, 54.92, 55.24, 55.00, 54.96, 55.40, 55.40, 55.96, 55.60, 55.74, 55.81, 55.80, 55.74, 55.64, 55.78, 56.22, 56.60, 56.18, 56.08, 55.98, 56.30, 56.68, 57.12, 58.70, 58.38, 59.54]
CERN: [10.23, 10.46, 10.68, 10.70, 10.66, 10.43, 10.19, 10.17, 10.29, 10.33, 10.37, 10.27, 10.37, 10.65, 10.71, 10.85, 10.89, 10.66, 10.55, 10.56, 10.72, 10.41, 10.14, 10.27, 10.39, 10.41, 10.67, 10.91, 10.84, 10.83]
CHKP: [23.19, 23.40, 23.50, 24.32, 24.38, 24.10, 23.70, 21.50, 20.93, 21.48, 21.25, 20.85, 20.75, 21.54, 21.59, 21.45, 21.30, 21.24, 21.25, 21.53, 21.80, 22.00, 21.50, 22.17, 22.36, 22.48, 21.94, 22.13, 22.33, 22.18]
CL: [15.26, 15.37, 15.43, 15.49, 15.55, 15.56, 15.38, 15.32, 15.45, 15.34, 15.30, 15.25, 15.20, 15.38, 15.38, 15.29, 15.46, 15.29, 15.27, 15.58, 15.55, 15.48, 15.46, 15.77, 15.72, 15.54, 15.52, 15.43, 15.39, 15.42]
CMCSA: [7.63, 7.64, 7.71, 7.73, 7.62, 7.54, 7.42, 7.48, 7.45, 7.47, 7.45, 7.35, 7.16, 7.18, 7.14, 7.05, 7.29, 7.23, 7.12, 7.29, 7.33, 7.27, 7.10, 7.25, 7.32, 7.39, 7.58, 7.20, 7.14, 6.96]
COF: [63.39, 63.27, 63.58, 62.89, 63.35, 62.25, 61.00, 60.16, 59.74, 59.15, 58.10, 57.52, 56.95, 57.71, 57.45, 57.04, 58.17, 57.41, 58.88, 60.03, 59.14, 59.33, 58.65, 59.52, 60.38, 59.94, 59.91, 59.74, 60.31, 61.13]
COP: [30.11, 30.34, 30.96, 30.52, 30.10, 28.99, 27.61, 27.07, 27.76, 27.60, 28.20, 27.71, 26.65, 27.21, 27.51, 26.23, 26.87, 25.21, 25.38, 26.32, 27.26, 27.41, 26.76, 27.80, 28.73, 29.06, 29.31, 29.95, 29.11, 28.89]
COST: [31.78, 31.25, 31.39, 31.74, 31.56, 31.65, 31.61, 33.09, 33.62, 33.62, 33.53, 33.33, 33.42, 34.23, 34.34, 34.11, 35.19, 35.09, 35.18, 35.51, 35.30, 34.70, 34.14, 34.87, 35.63, 35.46, 35.74, 35.85, 36.16, 36.55]
CSCO: [13.36, 13.51, 13.46, 13.51, 13.37, 13.32, 13.19, 13.37, 13.29, 13.19, 12.96, 13.14, 13.04, 13.02, 12.94, 12.80, 12.97, 12.76, 12.84, 12.94, 12.91, 12.89, 12.85, 12.92, 13.16, 13.18, 13.29, 13.20, 13.47, 13.46]
CSX: [5.59, 5.73, 5.84, 5.87, 5.93, 5.85, 5.66, 5.66, 5.70, 5.61, 5.58, 5.51, 5.49, 5.52, 5.53, 5.51, 5.58, 5.53, 5.46, 5.57, 5.67, 5.63, 5.56, 5.64, 5.79, 5.81, 5.87, 5.93, 5.88, 5.94]
CTSH: [10.84, 10.84, 10.96, 11.16, 10.97, 10.89, 10.58, 10.30, 10.45, 10.75, 10.88, 10.55, 10.49, 10.69, 10.65, 10.47, 10.54, 10.52, 10.79, 11.05, 11.00, 10.84, 10.40, 10.87, 10.53, 10.42, 10.38, 10.78, 10.79, 10.83]
CTXS: [18.55, 18.93, 19.28, 19.52, 19.65, 19.67, 19.23, 18.87, 18.80, 18.93, 19.06, 18.75, 18.59, 18.86, 18.70, 18.48, 19.00, 20.30, 20.48, 21.29, 21.16, 21.23, 20.55, 20.73, 21.36, 21.70, 22.09, 21.52, 21.27, 21.31]
CVS: [22.39, 22.27, 22.44, 22.70, 22.38, 22.22, 21.94, 20.58, 20.01, 19.66, 19.56, 19.36, 19.32, 19.54, 19.75, 19.89, 20.38, 20.15, 20.47, 20.50, 20.26, 19.87, 19.39, 19.68, 19.12, 19.10, 19.19, 20.71, 21.17, 21.68]
CVX: [37.08, 37.54, 37.99, 37.39, 37.23, 36.30, 35.84, 34.66, 35.24, 34.85, 35.90, 35.22, 34.40, 34.36, 34.63, 33.10, 33.70, 32.21, 32.52, 33.41, 33.89, 33.31, 32.64, 33.15, 32.97, 33.30, 33.81, 34.36, 33.51, 33.16]
C: [398.89, 399.68, 403.75, 402.69, 402.60, 401.10, 400.48, 401.89, 401.72, 400.12, 396.32, 394.55, 395.61, 398.44, 396.41, 393.31, 397.12, 392.25, 391.99, 398.53, 399.59, 403.84, 401.72, 406.05, 404.99, 401.63, 402.96, 402.46, 403.79, 411.14]
DHR: [12.72, 12.69, 12.86, 12.93, 12.92, 12.75, 12.62, 12.66, 12.78, 12.73, 12.57, 12.55, 12.38, 12.48, 12.48, 12.44, 12.60, 11.87, 11.98, 12.28, 12.14, 12.15, 12.07, 12.28, 12.52, 12.55, 12.77, 12.73, 12.78, 12.78]
DISCA: [7.45, 7.36, 7.28, 7.37, 7.42, 7.16, 7.10, 7.06, 7.14, 7.14, 7.18, 7.16, 7.28, 7.40, 7.27, 7.24, 7.16, 7.09, 7.19, 7.28, 7.17, 7.14, 7.02, 7.25, 7.20, 7.27, 7.35, 7.26, 7.21, 7.23]
DISH: [21.24, 21.47, 21.77, 21.72, 21.74, 21.66, 21.39, 21.21, 21.27, 21.32, 21.00, 20.76, 20.42, 20.66, 20.48, 19.65, 19.95, 20.03, 19.92, 20.23, 20.18, 20.20, 19.68, 19.76, 19.73, 19.64, 19.45, 19.54, 19.58, 19.77]
DIS: [18.96, 18.97, 19.45, 19.59, 19.49, 19.94, 19.67, 19.55, 19.56, 19.38, 19.29, 18.95, 19.02, 18.99, 19.07, 18.99, 19.03, 18.64, 18.65, 18.91, 19.09, 19.14, 19.01, 19.33, 19.78, 20.02, 20.15, 20.21, 20.14, 20.42]
DLTR: [7.30, 7.20, 7.21, 7.22, 7.41, 7.35, 7.25, 7.30, 7.24, 7.22, 7.23, 7.19, 7.20, 7.10, 7.06, 6.96, 7.10, 7.18, 7.29, 7.17, 7.18, 7.14, 6.93, 6.92, 7.19, 7.14, 7.43, 7.58, 7.78, 7.90]
DUK: [30.04, 30.40, 30.83, 30.91, 30.81, 30.01, 29.19, 28.98, 29.24, 28.61, 28.53, 27.98, 27.43, 27.52, 27.59, 26.92, 27.28, 26.66, 26.83, 27.48, 27.91, 27.67, 27.38, 27.97, 28.06, 27.75, 28.25, 28.01, 28.14, 27.76]
EA: [58.03, 57.41, 58.28, 56.89, 56.24, 54.96, 54.55, 53.08, 52.77, 51.35, 52.86, 51.45, 52.40, 54.06, 53.55, 53.18, 54.08, 54.30, 54.77, 57.72, 56.79, 55.54, 55.18, 56.72, 56.88, 55.79, 60.23, 59.95, 59.93, 59.93]
EBAY: [16.04, 15.96, 16.93, 16.89, 17.14, 16.48, 16.48, 16.17, 16.36, 16.59, 16.59, 16.16, 16.25, 16.28, 16.74, 16.57, 17.22, 16.05, 16.11, 16.16, 15.58, 15.70, 15.51, 15.76, 16.24, 16.51, 16.84, 17.04, 17.05, 17.17]
EMR: [21.73, 22.04, 22.25, 22.23, 22.21, 21.88, 21.63, 21.79, 21.64, 21.46, 21.36, 21.24, 21.25, 21.50, 21.35, 21.15, 21.51, 21.24, 21.25, 21.59, 21.64, 21.45, 21.03, 21.23, 21.53, 21.74, 21.85, 21.82, 21.85, 22.01]
EXC: [30.03, 29.91, 30.08, 29.72, 29.74, 29.45, 28.63, 28.70, 28.93, 28.29, 27.78, 26.97, 26.18, 27.05, 28.18, 27.75, 28.01, 27.63, 28.33, 29.34, 29.39, 28.70, 28.52, 29.15, 28.93, 28.54, 28.76, 29.16, 29.07, 28.81]
EXPE: [26.24, 25.99, 26.37, 26.10, 26.89, 27.12, 26.46, 26.40, 26.48, 26.74, 26.41, 25.88, 26.03, 26.53, 26.90, 26.17, 25.81, 25.69, 25.79, 25.38, 24.80, 24.69, 24.80, 24.74, 24.83, 25.08, 25.56, 27.28, 29.94, 29.81]
FAST: [5.41, 5.38, 5.46, 5.49, 5.58, 5.64, 5.57, 5.52, 5.53, 5.50, 5.50, 5.94, 6.01, 6.01, 6.07, 6.10, 6.26, 6.17, 6.16, 6.20, 6.29, 6.24, 6.07, 6.16, 6.30, 6.29, 6.47, 6.66, 6.57, 6.72]
FDX: [75.43, 76.23, 77.81, 77.92, 77.16, 76.54, 76.56, 78.02, 78.16, 78.73, 78.95, 77.91, 77.42, 78.34, 78.84, 78.77, 79.44, 79.78, 79.17, 81.37, 81.46, 80.90, 80.04, 81.05, 82.21, 82.03, 83.61, 84.70, 83.65, 84.32]
FISV: [11.07, 11.05, 11.33, 11.47, 11.39, 11.44, 11.35, 11.19, 11.31, 11.21, 11.25, 11.23, 11.18, 11.23, 11.12, 11.06, 11.41, 11.34, 10.61, 10.65, 10.76, 10.75, 10.65, 10.75, 10.92, 10.90, 10.97, 11.17, 11.12, 11.11]
F: [6.63, 6.70, 6.64, 6.64, 6.66, 6.58, 6.34, 6.27, 6.21, 6.01, 5.86, 5.85, 6.05, 5.79, 5.83, 5.70, 5.70, 5.67, 5.55, 5.79, 5.81, 5.73, 5.48, 5.46, 5.67, 5.60, 5.63, 5.71, 5.65, 5.68]
GE: [19.57, 19.49, 19.58, 19.59, 19.33, 19.11, 19.01, 19.54, 19.91, 19.78, 19.67, 19.67, 19.79, 19.98, 19.79, 19.78, 20.02, 19.71, 19.63, 19.86, 19.73, 19.61, 19.54, 19.81, 19.73, 19.55, 19.67, 19.77, 19.79, 19.79]
GILD: [10.04, 9.96, 10.11, 10.38, 10.19, 10.06, 9.82, 9.69, 10.11, 10.22, 10.14, 9.83, 9.96, 10.09, 10.16, 10.26, 9.79, 9.62, 9.71, 10.17, 10.21, 9.96, 9.70, 10.03, 10.06, 10.03, 10.41, 10.81, 10.57, 10.61]
GOOGL: [157.13, 153.15, 154.96, 158.39, 159.50, 155.66, 155.51, 156.53, 156.65, 155.48, 153.20, 150.64, 148.87, 148.22, 152.65, 151.79, 154.50, 151.75, 170.12, 174.50, 173.63, 177.90, 176.71, 179.26, 186.26, 189.88, 190.03, 193.17, 195.41, 197.71]
GS: [98.47, 98.83, 99.75, 100.05, 100.10, 97.86, 96.89, 96.22, 96.75, 97.52, 96.73, 95.17, 93.13, 94.26, 96.32, 96.35, 99.73, 97.92, 97.94, 101.67, 101.88, 102.45, 100.95, 102.71, 104.20, 104.39, 106.48, 106.54, 107.99, 106.49]
HD: [26.37, 26.00, 26.14, 26.20, 26.18, 26.27, 25.88, 26.05, 25.97, 26.12, 26.26, 26.18, 26.07, 26.38, 26.42, 26.21, 26.97, 27.18, 27.24, 27.93, 27.56, 27.65, 27.06, 27.83, 28.19, 28.15, 28.34, 28.02, 28.41, 28.51]
HON: [24.91, 24.90, 24.88, 24.85, 24.57, 24.37, 24.27, 24.12, 24.22, 23.77, 23.88, 23.69, 23.77, 23.92, 24.10, 23.81, 22.57, 22.11, 22.01, 22.47, 22.35, 22.41, 22.14, 22.27, 22.66, 22.88, 23.12, 23.48, 23.79, 23.79]
HSIC: [16.70, 16.59, 16.67, 16.71, 16.60, 16.78, 16.47, 16.32, 16.36, 16.26, 15.91, 15.89, 15.97, 16.07, 15.84, 16.15, 16.07, 15.99, 16.13, 16.47, 15.96, 15.26, 14.96, 15.11, 15.55, 15.75, 16.09, 16.05, 15.86, 16.00]
IBM: [51.50, 52.49, 53.06, 52.97, 53.12, 52.90, 52.71, 52.63, 53.15, 53.65, 54.93, 54.27, 54.28, 54.38, 54.53, 55.12, 55.58, 54.92, 55.02, 55.12, 55.04, 54.73, 54.35, 53.76, 54.07, 53.87, 53.52, 54.72, 54.80, 55.21]
ILMN: [6.33, 6.33, 6.36, 6.41, 6.56, 6.55, 6.46, 6.66, 6.97, 6.50, 6.55, 6.51, 6.79, 6.82, 6.94, 6.84, 6.88, 6.89, 7.00, 6.80, 7.35, 7.55, 7.41, 7.51, 7.78, 7.68, 7.83, 7.88, 7.68, 7.86]
INCY: [7.24, 4.27, 4.65, 4.70, 4.70, 4.67, 4.61, 4.42, 4.46, 4.37, 4.36, 4.32, 4.33, 4.62, 4.77, 4.71, 4.86, 4.83, 4.81, 4.94, 4.92, 4.96, 4.80, 4.88, 4.99, 5.05, 5.00, 5.08, 5.09, 5.15]
INTC: [15.50, 15.58, 15.92, 16.03, 16.00, 15.93, 15.65, 15.45, 15.49, 15.23, 15.23, 15.12, 15.09, 15.11, 15.26, 15.43, 15.41, 15.36, 15.06, 15.02, 15.03, 15.00, 14.85, 15.17, 15.28, 14.73, 15.20, 15.59, 15.66, 15.99]
INTU: [20.32, 20.46, 20.05, 20.35, 20.29, 20.51, 19.98, 19.99, 19.95, 19.84, 19.71, 19.62, 19.39, 19.53, 19.59, 19.78, 20.18, 20.00, 20.59, 20.89, 20.67, 20.70, 20.35, 20.77, 20.86, 20.93, 21.66, 21.74, 21.62, 21.72]
ISRG: [24.76, 24.82, 25.14, 24.43, 24.63, 25.05, 24.27, 23.45, 23.47, 23.21, 22.80, 21.98, 21.95, 22.30, 22.50, 22.21, 22.87, 22.52, 23.24, 23.74, 24.00, 30.07, 29.30, 29.37, 29.58, 29.09, 30.93, 31.06, 30.77, 30.78]
JNJ: [41.01, 40.86, 41.21, 40.90, 40.45, 40.76, 40.24, 39.80, 39.65, 39.73, 39.62, 39.95, 41.38, 41.18, 40.72, 40.70, 41.58, 41.48, 41.42, 41.43, 41.10, 40.60, 39.72, 40.69, 40.48, 40.01, 39.62, 39.56, 39.35, 39.71]
JPM: [22.55, 22.57, 22.86, 22.58, 22.70, 22.58, 22.48, 22.62, 22.79, 22.53, 22.39, 22.36, 22.68, 22.91, 22.85, 22.70, 23.34, 23.36, 23.61, 24.04, 24.01, 24.26, 24.22, 24.49, 24.61, 24.77, 25.00, 24.93, 25.08, 25.33]
KO: [11.00, 11.14, 11.20, 11.22, 11.23, 11.18, 11.08, 11.10, 10.97, 10.91, 10.83, 10.84, 10.84, 10.93, 10.94, 10.85, 10.86, 10.94, 10.90, 11.02, 11.03, 11.00, 10.95, 11.13, 11.12, 11.08, 11.06, 11.07, 10.99, 11.02]
LBTYA: [13.33, 13.30, 13.09, 13.84, 13.69, 13.73, 13.65, 13.53, 13.34, 13.31, 13.29, 12.93, 12.54, 12.71, 12.51, 12.48, 12.67, 12.70, 12.83, 13.04, 13.06, 12.97, 12.57, 12.51, 12.66, 12.48, 12.62, 12.85, 12.76, 12.92]
LLY: [31.32, 31.26, 31.74, 31.29, 30.94, 31.34, 31.42, 31.58, 31.22, 30.94, 30.47, 30.51, 30.72, 30.76, 30.13, 30.18, 30.17, 29.96, 29.64, 29.69, 29.41, 29.47, 29.23, 29.23, 29.11, 29.09, 29.17, 29.32, 29.72, 29.87]
LOW: [25.16, 24.66, 25.03, 25.12, 25.01, 24.80, 24.46, 24.40, 24.51, 24.15, 23.83, 24.00, 23.73, 23.93, 23.97, 23.40, 24.19, 24.09, 23.93, 24.22, 23.81, 23.42, 22.78, 23.38, 23.75, 23.47, 23.59, 23.87, 23.83, 24.22]
LRCX: [26.10, 26.07, 26.69, 27.42, 27.91, 27.81, 27.62, 27.23, 27.29, 27.26, 27.05, 27.18, 30.37, 30.10, 29.74, 29.80, 30.04, 30.32, 31.00, 30.90, 30.63, 29.97, 29.33, 29.66, 30.37, 30.33, 31.36, 31.86, 31.56, 32.24]
MAR: [24.27, 24.05, 23.94, 24.91, 24.93, 25.10, 24.98, 25.19, 25.10, 24.49, 24.31, 23.90, 23.98, 24.26, 23.90, 23.37, 24.42, 24.12, 24.24, 24.50, 24.12, 23.65, 22.97, 23.49, 23.57, 23.32, 23.90, 24.31, 24.53, 24.35]
MAT: [9.82, 9.74, 9.72, 9.89, 9.90, 9.76, 9.65, 9.71, 9.71, 9.65, 9.60, 9.60, 9.51, 9.46, 9.03, 8.99, 9.01, 8.99, 8.93, 8.94, 8.92, 8.75, 8.62, 8.73, 8.75, 8.99, 9.08, 9.26, 9.18, 9.22]
MCD: [20.86, 20.92, 21.16, 21.17, 21.41, 20.78, 20.76, 20.69, 20.36, 20.44, 20.44, 20.02, 20.26, 20.43, 20.67, 20.52, 21.29, 20.48, 20.53, 20.93, 20.86, 20.42, 19.94, 20.41, 19.97, 20.08, 20.39, 21.00, 21.13, 21.30]
MCHP: [17.57, 17.56, 18.25, 18.55, 18.50, 18.14, 17.88, 17.46, 17.46, 17.15, 16.81, 17.08, 17.30, 17.25, 17.33, 17.24, 17.43, 17.62, 18.29, 18.44, 18.33, 18.47, 18.34, 18.76, 18.57, 18.18, 18.42, 18.94, 18.92, 19.23]
MDLZ: [13.47, 13.51, 13.61, 13.64, 13.51, 13.44, 13.42, 13.36, 13.29, 13.24, 13.23, 13.15, 13.18, 13.29, 13.20, 13.11, 12.66, 12.68, 12.58, 12.67, 12.69, 12.56, 12.52, 12.63, 12.62, 12.66, 12.57, 12.58, 12.60, 12.64]
MDT: [40.75, 40.37, 40.01, 39.80, 39.51, 39.94, 39.44, 39.62, 39.79, 39.76, 39.31, 40.74, 41.60, 41.75, 41.67, 41.44, 42.19, 41.46, 41.47, 41.88, 42.36, 42.19, 42.29, 42.23, 42.13, 41.62, 41.42, 41.72, 41.74, 41.32]
MET: [29.23, 29.28, 29.82, 30.15, 29.85, 29.74, 29.36, 29.19, 29.25, 28.90, 28.58, 28.32, 28.50, 28.39, 28.67, 28.53, 29.16, 28.82, 28.99, 29.86, 29.47, 29.87, 30.62, 29.65, 29.90, 30.43, 30.69, 30.51, 30.60, 30.72]
MMM: [49.05, 48.71, 49.05, 49.17, 48.61, 47.92, 47.70, 47.66, 48.08, 47.85, 47.29, 47.17, 46.97, 47.40, 48.57, 50.08, 50.71, 50.20, 50.20, 50.65, 50.72, 50.38, 50.14, 51.10, 50.93, 50.18, 50.37, 50.36, 50.36, 50.84]
MNST: [1.79, 1.82, 1.92, 1.96, 1.97, 1.87, 1.85, 1.86, 1.91, 1.83, 1.87, 1.75, 1.77, 1.83, 1.85, 1.87, 1.89, 1.92, 1.97, 1.99, 1.96, 1.92, 1.85, 2.01, 2.11, 2.07, 2.42, 2.36, 2.40, 2.32]
MO: [7.63, 7.62, 7.64, 7.65, 7.70, 7.70, 7.69, 7.55, 7.52, 7.42, 7.48, 7.36, 7.22, 7.33, 7.78, 7.52, 7.66, 7.54, 7.57, 7.69, 7.72, 7.75, 7.62, 7.79, 7.79, 7.70, 7.75, 7.71, 7.68, 7.70]
MRK: [15.81, 15.85, 15.74, 15.68, 15.70, 15.67, 15.49, 15.46, 14.89, 15.50, 15.41, 15.43, 15.45, 15.65, 15.60, 15.58, 15.51, 15.51, 15.08, 15.55, 15.57, 15.66, 15.51, 15.87, 16.26, 16.43, 16.37, 16.98, 16.83, 16.97]
MSFT: [18.41, 18.65, 18.84, 18.69, 18.52, 18.15, 17.92, 17.97, 17.86, 17.77, 17.73, 17.65, 17.86, 17.92, 17.82, 17.85, 18.23, 18.01, 18.00, 18.23, 18.18, 18.24, 18.05, 18.55, 18.67, 18.86, 19.22, 19.21, 19.37, 19.62]
MU: [11.74, 11.74, 12.19, 13.30, 13.64, 13.33, 12.80, 12.95, 13.18, 12.77, 12.54, 12.74, 13.11, 12.87, 13.01, 13.07, 12.88, 12.81, 12.67, 12.51, 12.65, 12.75, 12.62, 12.67, 12.99, 13.00, 13.27, 13.87, 13.92, 13.88]
MXIM: [24.53, 24.53, 25.05, 25.59, 25.85, 25.77, 25.55, 25.08, 24.98, 24.25, 23.99, 24.15, 24.20, 24.18, 24.18, 23.93, 23.90, 24.11, 24.12, 24.51, 24.54, 24.38, 23.37, 20.76, 20.81, 21.11, 21.50, 21.82, 22.22, 22.10]
MYL: [17.32, 18.46, 18.76, 18.87, 18.99, 19.99, 20.15, 19.80, 19.79, 19.77, 19.67, 19.73, 19.44, 19.39, 19.54, 19.65, 20.22, 20.38, 20.06, 20.67, 20.56, 21.16, 21.17, 19.89, 18.82, 18.62, 19.08, 19.00, 19.59, 19.54]
NEE: [27.94, 28.84, 29.36, 29.33, 29.48, 28.90, 28.27, 28.05, 28.17, 27.81, 27.95, 27.68, 27.23, 27.26, 27.42, 26.82, 26.75, 26.07, 26.20, 26.79, 26.57, 26.25, 25.95, 26.46, 26.53, 26.01, 26.04, 25.82, 25.93, 25.48]
NFLX: [3.47, 3.46, 3.49, 3.71, 3.81, 3.86, 3.71, 3.67, 3.89, 4.10, 4.03, 3.93, 3.99, 4.11, 4.16, 3.92, 4.05, 3.66, 3.74, 3.85, 3.92, 3.57, 3.70, 3.75, 3.77, 3.67, 3.87, 3.87, 3.94, 3.97]
NKE: [5.19, 5.17, 5.16, 5.20, 5.24, 5.26, 5.19, 5.22, 5.27, 5.26, 5.28, 5.21, 5.14, 5.20, 5.23, 5.18, 5.25, 5.29, 5.31, 5.35, 5.31, 5.33, 5.24, 5.27, 5.35, 5.35, 5.44, 5.54, 5.59, 5.60]
NTAP: [20.03, 19.74, 19.79, 19.86, 19.87, 19.31, 19.18, 19.33, 19.71, 19.71, 19.80, 19.44, 20.30, 21.02, 21.84, 21.58, 21.96, 21.74, 22.17, 22.46, 21.83, 21.54, 21.38, 22.69, 22.87, 22.52, 23.51, 23.63, 23.47, 23.05]
NTES: [3.67, 3.64, 3.83, 3.75, 3.74, 3.82, 3.72, 3.50, 3.48, 3.54, 3.39, 3.33, 3.28, 3.31, 3.34, 3.21, 3.27, 3.07, 3.17, 3.44, 3.39, 3.31, 3.20, 3.24, 3.18, 3.45, 3.47, 3.51, 3.39, 3.30]
NVDA: [10.14, 10.21, 10.42, 10.51, 10.80, 10.66, 10.30, 10.27, 10.13, 9.88, 9.75, 9.87, 9.82, 9.82, 9.91, 9.75, 9.67, 9.74, 9.79, 10.06, 10.12, 9.85, 9.64, 9.94, 10.29, 10.16, 10.75, 10.62, 10.44, 10.40]
ORCL: [10.60, 10.48, 10.59, 10.66, 10.64, 10.52, 10.46, 10.34, 10.30, 10.32, 10.38, 10.31, 10.38, 10.58, 10.64, 10.63, 10.48, 10.43, 10.54, 11.02, 11.15, 10.88, 10.70, 10.92, 10.90, 10.94, 10.73, 10.49, 10.84, 10.84]
ORLY: [28.64, 27.58, 28.48, 28.18, 28.73, 28.63, 27.59, 28.17, 28.23, 28.09, 27.45, 26.32, 26.30, 26.38, 26.64, 26.11, 26.87, 26.65, 26.80, 26.91, 27.00, 27.42, 27.23, 27.01, 28.20, 28.83, 29.78, 29.97, 29.90, 30.68]
OXY: [25.61, 25.58, 25.55, 25.12, 25.11, 23.94, 23.31, 22.53, 22.82, 22.63, 23.20, 22.63, 22.05, 21.39, 22.12, 21.00, 21.63, 20.57, 20.92, 21.65, 22.39, 22.23, 21.95, 22.61, 23.20, 23.39, 23.37, 23.76, 23.17, 22.62]
PAYX: [20.38, 22.27, 22.09, 22.18, 22.11, 22.36, 22.40, 22.55, 22.50, 22.49, 22.40, 22.19, 22.07, 21.84, 21.76, 21.78, 22.33, 22.40, 22.47, 22.73, 22.76, 23.07, 22.72, 23.09, 23.27, 23.67, 23.86, 24.18, 24.18, 24.28]
PCAR: [18.22, 17.92, 18.30, 18.27, 18.39, 18.09, 17.73, 17.48, 17.68, 17.44, 17.38, 17.46, 17.35, 17.49, 17.44, 17.27, 17.52, 17.26, 17.25, 17.88, 18.40, 18.43, 17.80, 18.42, 18.84, 18.86, 19.03, 19.15, 19.09, 19.23]
PFE: [13.54, 13.57, 13.70, 13.63, 13.81, 13.78, 13.54, 13.46, 13.32, 13.35, 13.27, 13.56, 13.38, 13.28, 13.17, 13.17, 13.09, 11.96, 11.60, 11.51, 11.57, 11.50, 11.52, 11.74, 11.87, 11.76, 11.79, 11.94, 12.15, 12.16]
PG: [36.96, 37.18, 37.64, 38.49, 38.39, 37.60, 36.97, 36.39, 36.28, 36.15, 36.26, 36.27, 36.38, 36.32, 36.11, 35.83, 36.22, 35.89, 35.66, 35.85, 36.17, 35.78, 35.80, 36.38, 36.43, 35.95, 36.21, 36.41, 36.38, 36.16]
QCOM: [31.32, 31.44, 31.77, 31.60, 31.82, 32.21, 31.89, 31.18, 31.02, 30.85, 30.69, 29.91, 29.45, 29.61, 29.80, 29.98, 31.09, 30.62, 31.78, 32.28, 31.89, 31.68, 30.40, 29.01, 28.08, 27.89, 28.52, 31.09, 31.64, 31.53]
REGN: [9.37, 9.42, 9.53, 9.49, 9.70, 10.10, 9.83, 9.25, 9.50, 9.39, 9.40, 8.76, 8.92, 9.23, 9.31, 9.43, 9.30, 9.13, 9.00, 11.21, 11.01, 10.94, 11.40, 11.97, 12.51, 12.01, 12.11, 12.98, 13.00, 13.09]
ROST: [5.07, 4.89, 4.94, 5.10, 5.17, 5.17, 5.18, 5.38, 5.56, 5.59, 5.53, 5.46, 5.49, 5.53, 5.49, 5.48, 5.66, 5.54, 5.59, 5.71, 5.64, 5.55, 5.36, 5.57, 5.82, 5.87, 6.02, 5.58, 5.55, 5.49]
SBUX: [10.19, 10.07, 10.31, 10.52, 10.58, 10.61, 10.46, 10.85, 10.72, 10.77, 10.74, 10.65, 11.11, 11.10, 11.15, 11.04, 11.49, 11.38, 11.55, 11.71, 11.71, 11.62, 11.28, 11.68, 11.87, 11.82, 12.11, 12.36, 12.75, 12.77]
SIRI: [6.19, 6.08, 6.21, 6.22, 6.21, 6.50, 6.39, 6.08, 6.11, 6.27, 6.11, 5.99, 5.81, 5.87, 5.85, 5.68, 5.78, 5.68, 5.66, 5.76, 5.88, 5.99, 5.57, 5.73, 5.93, 6.20, 6.55, 6.60, 6.61, 6.57]
SLB: [30.34, 30.53, 30.68, 30.37, 30.03, 29.13, 28.25, 28.28, 28.75, 28.80, 29.12, 28.99, 28.54, 29.81, 29.62, 28.65, 29.52, 29.01, 28.80, 29.57, 30.84, 31.37, 31.03, 32.17, 32.67, 32.72, 33.74, 34.07, 33.19, 33.42]
SO: [17.50, 17.53, 17.65, 17.54, 17.69, 17.55, 17.11, 17.01, 17.12, 16.83, 16.74, 16.53, 16.32, 16.33, 16.58, 16.34, 16.49, 16.34, 16.60, 16.89, 16.97, 16.78, 16.60, 16.85, 17.16, 17.04, 17.13, 17.11, 17.11, 16.96]
SPG: [36.86, 36.80, 37.58, 37.76, 37.86, 36.86, 35.98, 35.87, 35.32, 34.86, 34.80, 34.13, 33.92, 34.60, 34.63, 34.26, 34.62, 34.23, 34.59, 35.16, 35.29, 34.77, 34.50, 36.09, 36.48, 35.70, 35.96, 35.99, 35.86, 36.00]
SRCL: [28.35, 28.17, 28.59, 28.58, 28.38, 28.02, 27.62, 27.77, 27.64, 28.03, 28.00, 27.70, 27.43, 27.52, 27.50, 27.30, 27.50, 27.18, 27.26, 27.42, 27.48, 28.78, 28.26, 28.92, 28.78, 29.82, 30.23, 29.44, 29.21, 29.05]
STX: [8.41, 8.53, 8.79, 8.94, 9.12, 8.96, 8.95, 8.87, 8.91, 8.92, 8.84, 8.73, 8.46, 8.60, 8.84, 8.49, 8.29, 8.07, 8.05, 8.06, 8.17, 8.00, 7.88, 7.95, 8.17, 8.25, 8.51, 8.85, 8.83, 8.89]
SWKS: [6.29, 6.29, 6.41, 6.40, 6.42, 6.33, 6.19, 6.05, 6.07, 6.03, 4.69, 4.63, 4.75, 5.01, 5.00, 4.98, 4.99, 4.94, 5.06, 5.07, 5.06, 4.85, 4.74, 4.77, 4.89, 4.94, 5.06, 4.47, 4.42, 4.53]
TGT: [37.27, 36.30, 36.40, 36.70, 36.63, 36.82, 36.22, 36.77, 37.30, 36.91, 36.75, 36.36, 37.00, 37.81, 37.64, 37.62, 39.58, 39.41, 38.62, 39.03, 38.20, 38.07, 37.11, 38.53, 39.36, 39.09, 40.27, 40.15, 40.58, 40.85]
TRV: [30.35, 30.44, 31.04, 31.01, 30.31, 30.15, 29.59, 29.53, 29.35, 28.99, 28.83, 28.92, 28.67, 29.25, 29.04, 28.59, 29.37, 29.03, 29.23, 29.77, 29.89, 30.11, 30.42, 30.73, 31.12, 31.38, 31.84, 31.71, 31.60, 31.65]
TSCO: [10.83, 10.76, 10.25, 10.16, 10.24, 10.12, 9.99, 9.78, 9.70, 9.58, 9.44, 9.25, 9.15, 9.47, 9.58, 9.38, 9.74, 10.50, 10.57, 10.79, 10.64, 10.51, 10.40, 10.69, 10.79, 11.08, 11.55, 11.43, 11.59, 11.53]
T: [10.38, 10.49, 10.41, 10.52, 10.52, 10.52, 10.38, 10.28, 10.12, 10.13, 10.04, 9.93, 9.90, 9.88, 9.88, 9.83, 9.97, 10.03, 10.24, 10.50, 10.54, 10.52, 10.55, 10.63, 10.61, 10.58, 10.64, 10.47, 10.53, 10.42]
UNH: [46.58, 46.64, 46.96, 47.37, 47.86, 48.09, 47.58, 47.55, 47.51, 47.10, 46.51, 46.38, 45.68, 47.56, 47.57, 47.63, 49.05, 48.14, 48.16, 48.20, 47.15, 45.50, 46.03, 47.82, 48.79, 49.73, 50.21, 48.61, 48.90, 49.31]
UNP: [10.23, 10.50, 10.61, 10.70, 10.69, 10.61, 10.44, 10.37, 10.53, 10.54, 10.45, 10.39, 10.34, 10.33, 10.36, 10.26, 10.49, 10.47, 10.01, 10.25, 10.30, 10.26, 10.16, 10.18, 10.32, 10.36, 10.50, 10.59, 10.44, 10.55]
UPS: [44.28, 44.57, 45.49, 44.69, 44.81, 44.19, 43.25, 44.16, 44.25, 44.50, 44.91, 44.43, 44.05, 45.26, 45.51, 44.92, 45.79, 46.83, 46.34, 47.77, 47.53, 47.06, 46.53, 47.08, 47.15, 47.06, 47.76, 48.01, 47.90, 48.36]
USB: [18.58, 18.42, 18.44, 18.28, 18.14, 17.94, 18.03, 18.13, 18.15, 18.00, 18.00, 18.06, 18.26, 18.20, 18.01, 17.98, 18.69, 18.47, 18.83, 18.91, 18.86, 19.01, 18.80, 19.25, 19.25, 19.11, 18.97, 18.75, 18.67, 18.93]
VOD: [12.96, 12.94, 12.87, 12.77, 12.67, 12.94, 12.97, 13.07, 12.98, 12.94, 12.83, 12.79, 12.67, 12.77, 12.63, 12.52, 12.61, 12.23, 12.29, 12.46, 12.52, 12.36, 12.31, 12.57, 12.91, 12.95, 13.10, 13.06, 12.83, 12.91]
VRTX: [19.06, 19.48, 20.88, 22.35, 24.31, 24.38, 22.35, 21.28, 21.53, 21.29, 20.87, 20.79, 22.13, 22.70, 22.63, 22.55, 22.76, 22.30, 22.35, 23.49, 23.59, 22.40, 22.26, 21.70, 22.75, 23.35, 24.00, 23.79, 23.88, 24.49]
VZ: [13.53, 13.77, 13.82, 13.89, 13.76, 13.69, 13.53, 13.40, 13.18, 13.05, 12.90, 12.85, 12.84, 12.88, 12.67, 12.64, 12.67, 12.58, 12.72, 12.96, 13.09, 13.18, 13.25, 13.66, 13.57, 13.50, 13.56, 13.28, 13.31, 13.16]
WBA: [31.86, 31.44, 31.92, 32.07, 31.88, 32.58, 32.38, 32.46, 32.48, 32.51, 32.56, 32.01, 32.03, 32.48, 32.78, 32.27, 33.69, 33.27, 33.23, 33.54, 33.32, 32.90, 32.43, 32.99, 33.53, 33.33, 32.94, 33.72, 34.02, 34.46]
WDC: [9.71, 9.65, 9.93, 10.15, 10.12, 10.05, 9.85, 9.67, 9.57, 9.56, 9.67, 9.23, 9.34, 9.39, 9.30, 9.34, 9.20, 9.12, 8.91, 9.08, 9.20, 9.27, 8.91, 9.28, 9.50, 9.29, 9.53, 9.93, 10.15, 9.82]
WFC: [18.34, 18.19, 18.47, 18.33, 18.30, 18.09, 18.10, 18.23, 18.33, 18.11, 18.12, 18.12, 18.33, 18.46, 18.51, 18.44, 18.69, 18.51, 18.52, 18.78, 18.74, 18.70, 18.65, 18.99, 18.84, 18.75, 19.00, 18.96, 19.03, 19.21]
WMT: [30.63, 30.65, 30.94, 31.14, 31.10, 31.16, 30.91, 31.22, 31.29, 31.65, 31.99, 31.94, 31.81, 32.01, 32.15, 32.07, 32.68, 32.40, 32.49, 32.84, 32.26, 32.39, 31.79, 32.33, 33.62, 33.39, 33.80, 33.72, 33.89, 34.15]
XLNX: [19.40, 19.33, 19.89, 19.99, 20.20, 20.20, 20.03, 19.54, 19.47, 16.35, 15.84, 15.75, 16.13, 16.01, 16.36, 15.87, 15.89, 16.38, 16.99, 16.93, 16.89, 16.72, 16.43, 16.72, 17.19, 16.89, 17.04, 17.06, 16.99, 16.91]
XOM: [40.81, 40.87, 40.93, 40.13, 39.47, 38.24, 37.23, 36.99, 37.64, 36.95, 37.52, 37.23, 36.73, 37.04, 37.18, 35.56, 36.11, 34.86, 34.97, 35.91, 36.13, 35.50, 35.12, 35.57, 35.46, 35.62, 36.24, 36.99, 36.57, 36.06]
XRAY: [24.41, 24.47, 24.65, 24.64, 24.79, 24.81, 24.18, 23.98, 23.87, 23.73, 23.40, 23.46, 23.47, 23.57, 23.49, 23.31, 23.97, 23.53, 23.57, 23.43, 25.36, 24.92, 24.42, 24.88, 25.15, 25.16, 25.57, 25.89, 25.73, 26.07]
